<?xml version="1.0" encoding="UTF-8"?>
<!-- Generated by org.testng.reporters.JUnitReportReporter -->
<testsuite skipped="0" hostname="chitralekha" name="automation.hybridFrameWork.Rediff" tests="2" failures="0" timestamp="2020-09-07T15:51:51 IST" time="5.680" errors="0">
  <testcase name="RediffLogin" time="4.790" classname="automation.hybridFrameWork.Rediff"/>
  <system-out/>
  <testcase name="RediffHome" time="0.890" classname="automation.hybridFrameWork.Rediff"/>
  <system-out/>
</testsuite> <!-- automation.hybridFrameWork.Rediff -->
