<?xml version="1.0" encoding="UTF-8"?>
<!-- Generated by org.testng.reporters.JUnitReportReporter -->
<testsuite hostname="chitralekha" failures="0" tests="2" name="automation.hybridFrameWork.Rediff" time="9.035" errors="0" timestamp="2020-09-06T19:58:42 IST" skipped="0">
  <testcase classname="automation.hybridFrameWork.Rediff" name="RediffLogin" time="4.675"/>
  <system-out/>
  <testcase classname="automation.hybridFrameWork.Rediff" name="RediffHome" time="4.360"/>
  <system-out/>
</testsuite> <!-- automation.hybridFrameWork.Rediff -->
