<?xml version="1.0" encoding="UTF-8"?>
<!-- Generated by org.testng.reporters.JUnitReportReporter -->
<testsuite hostname="chitralekha" failures="0" tests="2" name="automation.hybridFrameWork.Jiomart" time="21.398" errors="0" timestamp="2020-09-04T10:15:11 IST" skipped="0">
  <testcase classname="automation.hybridFrameWork.Jiomart" name="JioHomeSignin" time="15.531"/>
  <system-out/>
  <testcase classname="automation.hybridFrameWork.Jiomart" name="JioHome" time="5.867"/>
  <system-out/>
</testsuite> <!-- automation.hybridFrameWork.Jiomart -->
