<?xml version="1.0" encoding="UTF-8"?>
<!-- Generated by org.testng.reporters.JUnitReportReporter -->
<testsuite skipped="0" hostname="chitralekha" name="automation.hybridFrameWork.Outlook" tests="2" failures="0" timestamp="2020-09-07T18:06:52 IST" time="42.939" errors="0">
  <testcase name="OutlookHome" time="2.943" classname="automation.hybridFrameWork.Outlook"/>
  <system-out/>
  <testcase name="OutlookLogin" time="39.996" classname="automation.hybridFrameWork.Outlook"/>
  <system-out/>
</testsuite> <!-- automation.hybridFrameWork.Outlook -->
