<?xml version="1.0" encoding="UTF-8"?>
<!-- Generated by org.testng.reporters.JUnitReportReporter -->
<testsuite skipped="0" hostname="chitralekha" name="automation.hybridFrameWork.Jiomart" tests="2" failures="0" timestamp="2020-09-07T15:37:48 IST" time="60.469" errors="0">
  <testcase name="JioHomeSignin" time="43.161" classname="automation.hybridFrameWork.Jiomart"/>
  <system-out/>
  <testcase name="JioHome" time="17.308" classname="automation.hybridFrameWork.Jiomart"/>
  <system-out/>
</testsuite> <!-- automation.hybridFrameWork.Jiomart -->
