<?xml version="1.0" encoding="UTF-8"?>
<!-- Generated by org.testng.reporters.JUnitReportReporter -->
<testsuite skipped="0" hostname="chitralekha" name="automation.hybridFrameWork.Rediff" tests="2" failures="0" timestamp="2020-09-07T15:37:48 IST" time="8.204" errors="0">
  <testcase name="RediffHome" time="2.283" classname="automation.hybridFrameWork.Rediff"/>
  <system-out/>
  <testcase name="RediffLogin" time="5.921" classname="automation.hybridFrameWork.Rediff"/>
  <system-out/>
</testsuite> <!-- automation.hybridFrameWork.Rediff -->
