<?xml version="1.0" encoding="UTF-8"?>
<!-- Generated by org.testng.reporters.JUnitReportReporter -->
<testsuite hostname="chitralekha" failures="0" tests="2" name="automation.hybridFrameWork.Jiomart" time="27.057" errors="0" timestamp="2020-09-06T20:05:23 IST" skipped="0">
  <testcase classname="automation.hybridFrameWork.Jiomart" name="JioHome" time="9.015"/>
  <system-out/>
  <testcase classname="automation.hybridFrameWork.Jiomart" name="JioHomeSignin" time="18.042"/>
  <system-out/>
</testsuite> <!-- automation.hybridFrameWork.Jiomart -->
