<?xml version="1.0" encoding="UTF-8"?>
<!-- Generated by org.testng.reporters.JUnitReportReporter -->
<testsuite hostname="chitralekha" failures="0" tests="2" name="automation.hybridFrameWork.Rediff" time="3.294" errors="0" timestamp="2020-09-06T20:05:23 IST" skipped="0">
  <testcase classname="automation.hybridFrameWork.Rediff" name="RediffLogin" time="2.493"/>
  <system-out/>
  <testcase classname="automation.hybridFrameWork.Rediff" name="RediffHome" time="0.801"/>
  <system-out/>
</testsuite> <!-- automation.hybridFrameWork.Rediff -->
